<?xml version="1.0" encoding="UTF-8"?>
<!-- Generated by org.testng.reporters.JUnitXMLReporter -->
<testsuite ignored="0" hostname="DESKTOP-QNHJ5Q7" failures="0" tests="4" name="Test" time="66.164" errors="0" timestamp="2022-12-12T02:46:18 PST">
  <testcase classname="ddtNopCom.NOPCommLoginTest" name="verifyLoginWithInValidUser" time="10.081"/>
  <testcase classname="ddtNopCom.NOPCommLoginTest" name="verifyLoginWithInValidUser" time="9.9"/>
  <testcase classname="ddtNopCom.NOPCommLoginTest" name="verifyLoginWithInValidUser" time="9.813"/>
  <testcase classname="ddtNopCom.NOPCommLoginTest" name="verifyLoginWithInValidUser" time="9.729"/>
</testsuite> <!-- Test -->
