<?xml version="1.0" encoding="UTF-8"?>
<testng-results ignored="0" total="4" passed="4" failed="0" skipped="0">
  <reporter-output>
  </reporter-output>
  <suite started-at="2022-12-12T02:45:11 PST" name="Suite" finished-at="2022-12-12T02:46:18 PST" duration-ms="66164">
    <groups>
    </groups>
    <test started-at="2022-12-12T02:45:11 PST" name="Test" finished-at="2022-12-12T02:46:18 PST" duration-ms="66164">
      <class name="ddtNopCom.NOPCommLoginTest">
        <test-method is-config="true" signature="launchApp()[pri:0, instance:ddtNopCom.NOPCommLoginTest@13e344d]" started-at="2022-12-12T02:45:11 PST" name="launchApp" finished-at="2022-12-12T02:45:17 PST" duration-ms="5250" status="PASS">
          <reporter-output>
          </reporter-output>
        </test-method> <!-- launchApp -->
        <test-method signature="verifyLoginWithInValidUser(java.lang.String,java.lang.String)[pri:0, instance:ddtNopCom.NOPCommLoginTest@13e344d]" started-at="2022-12-12T02:45:17 PST" name="verifyLoginWithInValidUser" data-provider="regressionData" finished-at="2022-12-12T02:45:27 PST" duration-ms="10081" status="PASS">
          <params>
            <param index="0">
              <value>
                <![CDATA[abiramiRegsssion@google.com]]>
              </value>
            </param>
            <param index="1">
              <value>
                <![CDATA[demo@123]]>
              </value>
            </param>
          </params>
          <reporter-output>
          </reporter-output>
        </test-method> <!-- verifyLoginWithInValidUser -->
        <test-method signature="verifyLoginWithInValidUser(java.lang.String,java.lang.String)[pri:0, instance:ddtNopCom.NOPCommLoginTest@13e344d]" started-at="2022-12-12T02:45:27 PST" name="verifyLoginWithInValidUser" data-provider="regressionData" finished-at="2022-12-12T02:45:37 PST" duration-ms="9900" status="PASS">
          <params>
            <param index="0">
              <value>
                <![CDATA[KritikaRegsssion@yahoo.com]]>
              </value>
            </param>
            <param index="1">
              <value>
                <![CDATA[password]]>
              </value>
            </param>
          </params>
          <reporter-output>
          </reporter-output>
        </test-method> <!-- verifyLoginWithInValidUser -->
        <test-method signature="verifyLoginWithInValidUser(java.lang.String,java.lang.String)[pri:0, instance:ddtNopCom.NOPCommLoginTest@13e344d]" started-at="2022-12-12T02:45:37 PST" name="verifyLoginWithInValidUser" data-provider="regressionData" finished-at="2022-12-12T02:45:46 PST" duration-ms="9813" status="PASS">
          <params>
            <param index="0">
              <value>
                <![CDATA[PriyankaRegsssion@gmail.com]]>
              </value>
            </param>
            <param index="1">
              <value>
                <![CDATA[password]]>
              </value>
            </param>
          </params>
          <reporter-output>
          </reporter-output>
        </test-method> <!-- verifyLoginWithInValidUser -->
        <test-method signature="verifyLoginWithInValidUser(java.lang.String,java.lang.String)[pri:0, instance:ddtNopCom.NOPCommLoginTest@13e344d]" started-at="2022-12-12T02:45:46 PST" name="verifyLoginWithInValidUser" data-provider="regressionData" finished-at="2022-12-12T02:45:56 PST" duration-ms="9729" status="PASS">
          <params>
            <param index="0">
              <value>
                <![CDATA[sidRegsssion@gmail.com]]>
              </value>
            </param>
            <param index="1">
              <value>
                <![CDATA[password]]>
              </value>
            </param>
          </params>
          <reporter-output>
          </reporter-output>
        </test-method> <!-- verifyLoginWithInValidUser -->
        <test-method is-config="true" signature="closeApp()[pri:0, instance:ddtNopCom.NOPCommLoginTest@13e344d]" started-at="2022-12-12T02:45:56 PST" name="closeApp" finished-at="2022-12-12T02:46:18 PST" duration-ms="21299" status="PASS">
          <reporter-output>
          </reporter-output>
        </test-method> <!-- closeApp -->
      </class> <!-- ddtNopCom.NOPCommLoginTest -->
    </test> <!-- Test -->
  </suite> <!-- Suite -->
</testng-results>
